<?xml version="1.0" encoding="UTF-8"?>
<!-- Generated by org.testng.reporters.JUnitReportReporter -->
<testsuite hostname="SHA-LRI-PC-264" name="trainTestNG.WebTest" tests="5" failures="0" timestamp="16 Aug 2018 07:37:28 GMT" time="0.012" errors="0">
  <testcase name="testServer" time="0.001" classname="trainTestNG.WebTest"/>
  <testcase name="testServer" time="0.001" classname="trainTestNG.WebTest"/>
  <testcase name="testServer" time="0.001" classname="trainTestNG.WebTest"/>
  <testcase name="testServer" time="0.008" classname="trainTestNG.WebTest"/>
  <testcase name="testServer" time="0.001" classname="trainTestNG.WebTest"/>
</testsuite> <!-- trainTestNG.WebTest -->
