<?xml version="1.0" encoding="UTF-8"?>
<!-- Generated by org.testng.reporters.JUnitReportReporter -->
<testsuite hostname="SHA-LRI-PC-264" name="trainTestNG.TestDataProvider" tests="2" failures="0" timestamp="16 Aug 2018 07:45:22 GMT" time="0.008" errors="0">
  <testcase name="verifyData1" time="0.007" classname="trainTestNG.TestDataProvider"/>
  <testcase name="verifyData1" time="0.001" classname="trainTestNG.TestDataProvider"/>
</testsuite> <!-- trainTestNG.TestDataProvider -->
