<?xml version="1.0" encoding="UTF-8"?>
<!-- Generated by org.testng.reporters.JUnitReportReporter -->
<testsuite hostname="SHA-LRI-PC-264" name="trainTestNG.TestBase" tests="3" failures="0" timestamp="16 Aug 2018 07:20:27 GMT" time="0.008" errors="0">
  <testcase name="checkMethod" time="0.006" classname="trainTestNG.TestBase"/>
  <testcase name="initial" time="0.001" classname="trainTestNG.TestBase"/>
  <testcase name="setup" time="0.001" classname="trainTestNG.TestBase"/>
</testsuite> <!-- trainTestNG.TestBase -->
