<?xml version="1.0" encoding="UTF-8"?>
<!-- Generated by org.testng.reporters.JUnitReportReporter -->
<testsuite hostname="SHA-LRI-PC-264" name="trainTestNG.EmailGeneratorTest" tests="1" failures="0" timestamp="16 Aug 2018 07:29:42 GMT" time="0.005" errors="0">
  <testcase name="testRandomEmail1" time="0.005" classname="trainTestNG.EmailGeneratorTest"/>
</testsuite> <!-- trainTestNG.EmailGeneratorTest -->
